1665807003.816488 client started (25338): version 3.3a, socket /tmp/tmux-1000/default, protocol 8
1665807003.816513 on Linux 5.19.0-2-amd64 #1 SMP PREEMPT_DYNAMIC Debian 5.19.11-1 (2022-09-24)
1665807003.816520 using libevent 2.1.12-stable (poll); ncurses 6.3
1665807003.816546 flags are 0x18010000
1665807003.816554 socket is /tmp/tmux-1000/default
1665807003.816568 trying connect
1665807003.816582 connect failed: Connection refused
1665807003.816592 lock file is /tmp/tmux-1000/default.lock
1665807003.816625 flock succeeded
1665807003.816630 got lock (6)
1665807003.816638 trying connect
1665807003.816648 connect failed: Connection refused
1665807003.816839 add peer 0x564b2a0bd880: 7 ((nil))
1665807003.817189 sending message 100 to peer 0x564b2a0bd880 (4 bytes)
1665807003.817199 sending message 111 to peer 0x564b2a0bd880 (8 bytes)
1665807003.817204 sending message 101 to peer 0x564b2a0bd880 (12 bytes)
1665807003.817209 sending message 109 to peer 0x564b2a0bd880 (4 bytes)
1665807003.817213 sending message 102 to peer 0x564b2a0bd880 (11 bytes)
1665807003.817218 sending message 108 to peer 0x564b2a0bd880 (20 bytes)
1665807003.817223 sending message 112 to peer 0x564b2a0bd880 (70 bytes)
1665807003.817228 sending message 112 to peer 0x564b2a0bd880 (5 bytes)
1665807003.817232 sending message 112 to peer 0x564b2a0bd880 (6 bytes)
1665807003.817237 sending message 112 to peer 0x564b2a0bd880 (6 bytes)
1665807003.817242 sending message 112 to peer 0x564b2a0bd880 (10 bytes)
1665807003.817246 sending message 112 to peer 0x564b2a0bd880 (13 bytes)
1665807003.817251 sending message 112 to peer 0x564b2a0bd880 (14 bytes)
1665807003.817256 sending message 112 to peer 0x564b2a0bd880 (19 bytes)
1665807003.817260 sending message 112 to peer 0x564b2a0bd880 (11 bytes)
1665807003.817265 sending message 112 to peer 0x564b2a0bd880 (21 bytes)
1665807003.817269 sending message 112 to peer 0x564b2a0bd880 (13 bytes)
1665807003.817274 sending message 112 to peer 0x564b2a0bd880 (7 bytes)
1665807003.817279 sending message 112 to peer 0x564b2a0bd880 (13 bytes)
1665807003.817283 sending message 112 to peer 0x564b2a0bd880 (7 bytes)
1665807003.817288 sending message 112 to peer 0x564b2a0bd880 (13 bytes)
1665807003.817292 sending message 112 to peer 0x564b2a0bd880 (9 bytes)
1665807003.817297 sending message 112 to peer 0x564b2a0bd880 (21 bytes)
1665807003.817301 sending message 112 to peer 0x564b2a0bd880 (13 bytes)
1665807003.817306 sending message 112 to peer 0x564b2a0bd880 (9 bytes)
1665807003.817310 sending message 112 to peer 0x564b2a0bd880 (16 bytes)
1665807003.817314 sending message 112 to peer 0x564b2a0bd880 (13 bytes)
1665807003.817319 sending message 112 to peer 0x564b2a0bd880 (9 bytes)
1665807003.817323 sending message 112 to peer 0x564b2a0bd880 (9 bytes)
1665807003.817328 sending message 112 to peer 0x564b2a0bd880 (12 bytes)
1665807003.817333 sending message 112 to peer 0x564b2a0bd880 (8 bytes)
1665807003.817337 sending message 112 to peer 0x564b2a0bd880 (13 bytes)
1665807003.817342 sending message 112 to peer 0x564b2a0bd880 (7 bytes)
1665807003.817346 sending message 112 to peer 0x564b2a0bd880 (7 bytes)
1665807003.817351 sending message 112 to peer 0x564b2a0bd880 (9 bytes)
1665807003.817355 sending message 112 to peer 0x564b2a0bd880 (6 bytes)
1665807003.817360 sending message 112 to peer 0x564b2a0bd880 (9 bytes)
1665807003.817364 sending message 112 to peer 0x564b2a0bd880 (15 bytes)
1665807003.817369 sending message 112 to peer 0x564b2a0bd880 (13 bytes)
1665807003.817373 sending message 112 to peer 0x564b2a0bd880 (12 bytes)
1665807003.817378 sending message 112 to peer 0x564b2a0bd880 (8 bytes)
1665807003.817382 sending message 112 to peer 0x564b2a0bd880 (14 bytes)
1665807003.817402 sending message 112 to peer 0x564b2a0bd880 (9 bytes)
1665807003.817411 sending message 112 to peer 0x564b2a0bd880 (10 bytes)
1665807003.817416 sending message 112 to peer 0x564b2a0bd880 (10 bytes)
1665807003.817420 sending message 112 to peer 0x564b2a0bd880 (10 bytes)
1665807003.817425 sending message 112 to peer 0x564b2a0bd880 (10 bytes)
1665807003.817429 sending message 112 to peer 0x564b2a0bd880 (11 bytes)
1665807003.817442 sending message 112 to peer 0x564b2a0bd880 (12 bytes)
1665807003.817447 sending message 112 to peer 0x564b2a0bd880 (12 bytes)
1665807003.817451 sending message 112 to peer 0x564b2a0bd880 (12 bytes)
1665807003.817456 sending message 112 to peer 0x564b2a0bd880 (12 bytes)
1665807003.817460 sending message 112 to peer 0x564b2a0bd880 (12 bytes)
1665807003.817465 sending message 112 to peer 0x564b2a0bd880 (11 bytes)
1665807003.817470 sending message 112 to peer 0x564b2a0bd880 (11 bytes)
1665807003.817474 sending message 112 to peer 0x564b2a0bd880 (12 bytes)
1665807003.817479 sending message 112 to peer 0x564b2a0bd880 (12 bytes)
1665807003.817483 sending message 112 to peer 0x564b2a0bd880 (12 bytes)
1665807003.817488 sending message 112 to peer 0x564b2a0bd880 (12 bytes)
1665807003.817492 sending message 112 to peer 0x564b2a0bd880 (12 bytes)
1665807003.817497 sending message 112 to peer 0x564b2a0bd880 (9 bytes)
1665807003.817501 sending message 112 to peer 0x564b2a0bd880 (12 bytes)
1665807003.817506 sending message 112 to peer 0x564b2a0bd880 (13 bytes)
1665807003.817510 sending message 112 to peer 0x564b2a0bd880 (13 bytes)
1665807003.817514 sending message 112 to peer 0x564b2a0bd880 (13 bytes)
1665807003.817519 sending message 112 to peer 0x564b2a0bd880 (13 bytes)
1665807003.817523 sending message 112 to peer 0x564b2a0bd880 (13 bytes)
1665807003.817528 sending message 112 to peer 0x564b2a0bd880 (8 bytes)
1665807003.817532 sending message 112 to peer 0x564b2a0bd880 (11 bytes)
1665807003.817537 sending message 112 to peer 0x564b2a0bd880 (11 bytes)
1665807003.817541 sending message 112 to peer 0x564b2a0bd880 (11 bytes)
1665807003.817545 sending message 112 to peer 0x564b2a0bd880 (12 bytes)
1665807003.817550 sending message 112 to peer 0x564b2a0bd880 (12 bytes)
1665807003.817554 sending message 112 to peer 0x564b2a0bd880 (12 bytes)
1665807003.817559 sending message 112 to peer 0x564b2a0bd880 (12 bytes)
1665807003.817563 sending message 112 to peer 0x564b2a0bd880 (13 bytes)
1665807003.817568 sending message 112 to peer 0x564b2a0bd880 (13 bytes)
1665807003.817572 sending message 112 to peer 0x564b2a0bd880 (13 bytes)
1665807003.817577 sending message 112 to peer 0x564b2a0bd880 (8 bytes)
1665807003.817581 sending message 112 to peer 0x564b2a0bd880 (13 bytes)
1665807003.817585 sending message 112 to peer 0x564b2a0bd880 (13 bytes)
1665807003.817590 sending message 112 to peer 0x564b2a0bd880 (13 bytes)
1665807003.817595 sending message 112 to peer 0x564b2a0bd880 (13 bytes)
1665807003.817599 sending message 112 to peer 0x564b2a0bd880 (13 bytes)
1665807003.817604 sending message 112 to peer 0x564b2a0bd880 (12 bytes)
1665807003.817608 sending message 112 to peer 0x564b2a0bd880 (12 bytes)
1665807003.817612 sending message 112 to peer 0x564b2a0bd880 (12 bytes)
1665807003.817617 sending message 112 to peer 0x564b2a0bd880 (12 bytes)
1665807003.817621 sending message 112 to peer 0x564b2a0bd880 (13 bytes)
1665807003.817626 sending message 112 to peer 0x564b2a0bd880 (8 bytes)
1665807003.817630 sending message 112 to peer 0x564b2a0bd880 (13 bytes)
1665807003.817635 sending message 112 to peer 0x564b2a0bd880 (13 bytes)
1665807003.817639 sending message 112 to peer 0x564b2a0bd880 (13 bytes)
1665807003.817643 sending message 112 to peer 0x564b2a0bd880 (13 bytes)
1665807003.817648 sending message 112 to peer 0x564b2a0bd880 (13 bytes)
1665807003.817652 sending message 112 to peer 0x564b2a0bd880 (13 bytes)
1665807003.817657 sending message 112 to peer 0x564b2a0bd880 (13 bytes)
1665807003.817661 sending message 112 to peer 0x564b2a0bd880 (12 bytes)
1665807003.817666 sending message 112 to peer 0x564b2a0bd880 (12 bytes)
1665807003.817671 sending message 112 to peer 0x564b2a0bd880 (12 bytes)
1665807003.817675 sending message 112 to peer 0x564b2a0bd880 (8 bytes)
1665807003.817679 sending message 112 to peer 0x564b2a0bd880 (12 bytes)
1665807003.817684 sending message 112 to peer 0x564b2a0bd880 (13 bytes)
1665807003.817688 sending message 112 to peer 0x564b2a0bd880 (13 bytes)
1665807003.817692 sending message 112 to peer 0x564b2a0bd880 (13 bytes)
1665807003.817702 sending message 112 to peer 0x564b2a0bd880 (13 bytes)
1665807003.817707 sending message 112 to peer 0x564b2a0bd880 (13 bytes)
1665807003.817711 sending message 112 to peer 0x564b2a0bd880 (13 bytes)
1665807003.817715 sending message 112 to peer 0x564b2a0bd880 (13 bytes)
1665807003.817720 sending message 112 to peer 0x564b2a0bd880 (13 bytes)
1665807003.817724 sending message 112 to peer 0x564b2a0bd880 (12 bytes)
1665807003.817729 sending message 112 to peer 0x564b2a0bd880 (10 bytes)
1665807003.817733 sending message 112 to peer 0x564b2a0bd880 (12 bytes)
1665807003.817738 sending message 112 to peer 0x564b2a0bd880 (12 bytes)
1665807003.817742 sending message 112 to peer 0x564b2a0bd880 (12 bytes)
1665807003.817746 sending message 112 to peer 0x564b2a0bd880 (13 bytes)
1665807003.817751 sending message 112 to peer 0x564b2a0bd880 (13 bytes)
1665807003.817755 sending message 112 to peer 0x564b2a0bd880 (13 bytes)
1665807003.817759 sending message 112 to peer 0x564b2a0bd880 (13 bytes)
1665807003.817763 sending message 112 to peer 0x564b2a0bd880 (13 bytes)
1665807003.817768 sending message 112 to peer 0x564b2a0bd880 (13 bytes)
1665807003.817772 sending message 112 to peer 0x564b2a0bd880 (13 bytes)
1665807003.817777 sending message 112 to peer 0x564b2a0bd880 (10 bytes)
1665807003.817781 sending message 112 to peer 0x564b2a0bd880 (13 bytes)
1665807003.817785 sending message 112 to peer 0x564b2a0bd880 (12 bytes)
1665807003.817790 sending message 112 to peer 0x564b2a0bd880 (12 bytes)
1665807003.817794 sending message 112 to peer 0x564b2a0bd880 (12 bytes)
1665807003.817799 sending message 112 to peer 0x564b2a0bd880 (10 bytes)
1665807003.817803 sending message 112 to peer 0x564b2a0bd880 (10 bytes)
1665807003.817807 sending message 112 to peer 0x564b2a0bd880 (10 bytes)
1665807003.817811 sending message 112 to peer 0x564b2a0bd880 (12 bytes)
1665807003.817816 sending message 112 to peer 0x564b2a0bd880 (13 bytes)
1665807003.817820 sending message 112 to peer 0x564b2a0bd880 (13 bytes)
1665807003.817824 sending message 112 to peer 0x564b2a0bd880 (13 bytes)
1665807003.817829 sending message 112 to peer 0x564b2a0bd880 (13 bytes)
1665807003.817833 sending message 112 to peer 0x564b2a0bd880 (13 bytes)
1665807003.817837 sending message 112 to peer 0x564b2a0bd880 (10 bytes)
1665807003.817842 sending message 112 to peer 0x564b2a0bd880 (11 bytes)
1665807003.817846 sending message 112 to peer 0x564b2a0bd880 (12 bytes)
1665807003.817850 sending message 112 to peer 0x564b2a0bd880 (12 bytes)
1665807003.817855 sending message 112 to peer 0x564b2a0bd880 (12 bytes)
1665807003.817859 sending message 112 to peer 0x564b2a0bd880 (12 bytes)
1665807003.817863 sending message 112 to peer 0x564b2a0bd880 (12 bytes)
1665807003.817867 sending message 112 to peer 0x564b2a0bd880 (11 bytes)
1665807003.817872 sending message 112 to peer 0x564b2a0bd880 (12 bytes)
1665807003.817876 sending message 112 to peer 0x564b2a0bd880 (12 bytes)
1665807003.817880 sending message 112 to peer 0x564b2a0bd880 (13 bytes)
1665807003.817885 sending message 112 to peer 0x564b2a0bd880 (13 bytes)
1665807003.817889 sending message 112 to peer 0x564b2a0bd880 (13 bytes)
1665807003.817893 sending message 112 to peer 0x564b2a0bd880 (13 bytes)
1665807003.817898 sending message 112 to peer 0x564b2a0bd880 (13 bytes)
1665807003.817902 sending message 112 to peer 0x564b2a0bd880 (10 bytes)
1665807003.817906 sending message 112 to peer 0x564b2a0bd880 (9 bytes)
1665807003.817910 sending message 112 to peer 0x564b2a0bd880 (12 bytes)
1665807003.817915 sending message 112 to peer 0x564b2a0bd880 (13 bytes)
1665807003.817919 sending message 112 to peer 0x564b2a0bd880 (13 bytes)
1665807003.817924 sending message 112 to peer 0x564b2a0bd880 (13 bytes)
1665807003.817928 sending message 112 to peer 0x564b2a0bd880 (13 bytes)
1665807003.817932 sending message 112 to peer 0x564b2a0bd880 (13 bytes)
1665807003.817936 sending message 112 to peer 0x564b2a0bd880 (9 bytes)
1665807003.817941 sending message 112 to peer 0x564b2a0bd880 (12 bytes)
1665807003.817945 sending message 112 to peer 0x564b2a0bd880 (13 bytes)
1665807003.817954 sending message 112 to peer 0x564b2a0bd880 (13 bytes)
1665807003.817959 sending message 112 to peer 0x564b2a0bd880 (13 bytes)
1665807003.817963 sending message 112 to peer 0x564b2a0bd880 (13 bytes)
1665807003.817968 sending message 112 to peer 0x564b2a0bd880 (13 bytes)
1665807003.817972 sending message 112 to peer 0x564b2a0bd880 (11 bytes)
1665807003.817977 sending message 112 to peer 0x564b2a0bd880 (12 bytes)
1665807003.817981 sending message 112 to peer 0x564b2a0bd880 (13 bytes)
1665807003.817985 sending message 112 to peer 0x564b2a0bd880 (13 bytes)
1665807003.817989 sending message 112 to peer 0x564b2a0bd880 (13 bytes)
1665807003.817994 sending message 112 to peer 0x564b2a0bd880 (13 bytes)
1665807003.817998 sending message 112 to peer 0x564b2a0bd880 (13 bytes)
1665807003.818002 sending message 112 to peer 0x564b2a0bd880 (11 bytes)
1665807003.818007 sending message 112 to peer 0x564b2a0bd880 (12 bytes)
1665807003.818011 sending message 112 to peer 0x564b2a0bd880 (12 bytes)
1665807003.818015 sending message 112 to peer 0x564b2a0bd880 (12 bytes)
1665807003.818019 sending message 112 to peer 0x564b2a0bd880 (12 bytes)
1665807003.818023 sending message 112 to peer 0x564b2a0bd880 (12 bytes)
1665807003.818028 sending message 112 to peer 0x564b2a0bd880 (12 bytes)
1665807003.818032 sending message 112 to peer 0x564b2a0bd880 (9 bytes)
1665807003.818036 sending message 112 to peer 0x564b2a0bd880 (6 bytes)
1665807003.818040 sending message 112 to peer 0x564b2a0bd880 (13 bytes)
1665807003.818045 sending message 112 to peer 0x564b2a0bd880 (10 bytes)
1665807003.818049 sending message 112 to peer 0x564b2a0bd880 (15 bytes)
1665807003.818053 sending message 112 to peer 0x564b2a0bd880 (11 bytes)
1665807003.818057 sending message 112 to peer 0x564b2a0bd880 (70 bytes)
1665807003.818062 sending message 112 to peer 0x564b2a0bd880 (69 bytes)
1665807003.818066 sending message 112 to peer 0x564b2a0bd880 (34 bytes)
1665807003.818071 sending message 112 to peer 0x564b2a0bd880 (34 bytes)
1665807003.818075 sending message 112 to peer 0x564b2a0bd880 (12 bytes)
1665807003.818079 sending message 112 to peer 0x564b2a0bd880 (10 bytes)
1665807003.818086 sending message 112 to peer 0x564b2a0bd880 (10 bytes)
1665807003.818091 sending message 112 to peer 0x564b2a0bd880 (15 bytes)
1665807003.818096 sending message 112 to peer 0x564b2a0bd880 (11 bytes)
1665807003.818100 sending message 112 to peer 0x564b2a0bd880 (10 bytes)
1665807003.818104 sending message 112 to peer 0x564b2a0bd880 (10 bytes)
1665807003.818109 sending message 112 to peer 0x564b2a0bd880 (17 bytes)
1665807003.818113 sending message 112 to peer 0x564b2a0bd880 (10 bytes)
1665807003.818117 sending message 112 to peer 0x564b2a0bd880 (5 bytes)
1665807003.818122 sending message 112 to peer 0x564b2a0bd880 (9 bytes)
1665807003.818126 sending message 112 to peer 0x564b2a0bd880 (15 bytes)
1665807003.818131 sending message 104 to peer 0x564b2a0bd880 (0 bytes)
1665807003.818136 sending message 110 to peer 0x564b2a0bd880 (0 bytes)
1665807003.818141 sending message 107 to peer 0x564b2a0bd880 (4 bytes)
1665807003.818145 sending message 105 to peer 0x564b2a0bd880 (9 bytes)
1665807003.818149 sending message 105 to peer 0x564b2a0bd880 (15 bytes)
1665807003.818154 sending message 105 to peer 0x564b2a0bd880 (21 bytes)
1665807003.818162 sending message 105 to peer 0x564b2a0bd880 (15 bytes)
1665807003.818167 sending message 105 to peer 0x564b2a0bd880 (33 bytes)
1665807003.818172 sending message 105 to peer 0x564b2a0bd880 (52 bytes)
1665807003.818176 sending message 105 to peer 0x564b2a0bd880 (54 bytes)
1665807003.818180 sending message 105 to peer 0x564b2a0bd880 (12 bytes)
1665807003.818185 sending message 105 to peer 0x564b2a0bd880 (23 bytes)
1665807003.818189 sending message 105 to peer 0x564b2a0bd880 (18 bytes)
1665807003.818193 sending message 105 to peer 0x564b2a0bd880 (409 bytes)
1665807003.818198 sending message 105 to peer 0x564b2a0bd880 (58 bytes)
1665807003.818202 sending message 105 to peer 0x564b2a0bd880 (31 bytes)
1665807003.818206 sending message 105 to peer 0x564b2a0bd880 (11 bytes)
1665807003.818215 sending message 105 to peer 0x564b2a0bd880 (17 bytes)
1665807003.818220 sending message 105 to peer 0x564b2a0bd880 (37 bytes)
1665807003.818224 sending message 105 to peer 0x564b2a0bd880 (33 bytes)
1665807003.818229 sending message 105 to peer 0x564b2a0bd880 (47 bytes)
1665807003.818235 sending message 105 to peer 0x564b2a0bd880 (15 bytes)
1665807003.818240 sending message 105 to peer 0x564b2a0bd880 (28 bytes)
1665807003.818245 sending message 105 to peer 0x564b2a0bd880 (52 bytes)
1665807003.818249 sending message 105 to peer 0x564b2a0bd880 (11 bytes)
1665807003.818253 sending message 105 to peer 0x564b2a0bd880 (24 bytes)
1665807003.818258 sending message 105 to peer 0x564b2a0bd880 (48 bytes)
1665807003.818262 sending message 105 to peer 0x564b2a0bd880 (20 bytes)
1665807003.818266 sending message 105 to peer 0x564b2a0bd880 (8 bytes)
1665807003.818270 sending message 105 to peer 0x564b2a0bd880 (17 bytes)
1665807003.818275 sending message 105 to peer 0x564b2a0bd880 (735 bytes)
1665807003.818279 sending message 105 to peer 0x564b2a0bd880 (16 bytes)
1665807003.818283 sending message 105 to peer 0x564b2a0bd880 (18 bytes)
1665807003.818287 sending message 105 to peer 0x564b2a0bd880 (18 bytes)
1665807003.818292 sending message 105 to peer 0x564b2a0bd880 (17 bytes)
1665807003.818296 sending message 105 to peer 0x564b2a0bd880 (20 bytes)
1665807003.818302 sending message 105 to peer 0x564b2a0bd880 (12 bytes)
1665807003.818307 sending message 105 to peer 0x564b2a0bd880 (15 bytes)
1665807003.818312 sending message 105 to peer 0x564b2a0bd880 (11 bytes)
1665807003.818316 sending message 105 to peer 0x564b2a0bd880 (8 bytes)
1665807003.818320 sending message 105 to peer 0x564b2a0bd880 (32 bytes)
1665807003.818325 sending message 105 to peer 0x564b2a0bd880 (1764 bytes)
1665807003.818345 sending message 106 to peer 0x564b2a0bd880 (0 bytes)
1665807003.818399 sending message 200 to peer 0x564b2a0bd880 (4 bytes)
1665807003.818405 client loop enter
1665807003.818422 client_signal: Child exited
1665807003.878463 peer 0x564b2a0bd880 message 207
1665807003.878477 sending message 208 to peer 0x564b2a0bd880 (0 bytes)
1665807008.066060 peer 0x564b2a0bd880 message 203
1665807008.066074 sending message 205 to peer 0x564b2a0bd880 (0 bytes)
1665807008.066323 peer 0x564b2a0bd880 message 204
1665807008.066331 client loop exit
